<?xml version="1.0" encoding="utf-8"?><testsuites name="pytest tests"><testsuite name="pytest" errors="0" failures="0" skipped="0" tests="40" time="5.784" timestamp="2026-06-22T12:58:25.696127+00:00" hostname="agent-env-0e498305-a200-4f58-8f15-f469ed2b0730"><testcase classname="backend.tests.backend_test.TestHealth" name="test_root" time="0.137" /><testcase classname="backend.tests.backend_test.TestAdminAuth" name="test_login_wrong_password" time="0.050" /><testcase classname="backend.tests.backend_test.TestAdminAuth" name="test_login_correct_password_returns_token" time="0.052" /><testcase classname="backend.tests.backend_test.TestAdminAuth" name="test_verify_no_token_401" time="0.045" /><testcase classname="backend.tests.backend_test.TestAdminAuth" name="test_verify_wrong_token_401" time="0.045" /><testcase classname="backend.tests.backend_test.TestAdminAuth" name="test_verify_correct_token" time="0.094" /><testcase classname="backend.tests.backend_test.TestImages" name="test_list_images_public" time="0.053" /><testcase classname="backend.tests.backend_test.TestImages" name="test_set_image_url_unauthorized" time="0.093" /><testcase classname="backend.tests.backend_test.TestImages" name="test_upload_unauthorized" time="0.054" /><testcase classname="backend.tests.backend_test.TestImages" name="test_delete_unauthorized" time="0.058" /><testcase classname="backend.tests.backend_test.TestImages" name="test_set_url_and_verify_persistence" time="0.109" /><testcase classname="backend.tests.backend_test.TestImages" name="test_reset_image" time="0.158" /><testcase classname="backend.tests.backend_test.TestImages" name="test_upload_image_file" time="0.390" /><testcase classname="backend.tests.backend_test.TestImages" name="test_upload_non_image_rejected" time="0.044" /><testcase classname="backend.tests.backend_test.TestWaitlist" name="test_waitlist_count" time="0.050" /><testcase classname="backend.tests.backend_test.TestWaitlist" name="test_waitlist_create_idempotent" time="0.094" /><testcase classname="backend.tests.backend_test.TestPlans" name="test_generate_and_get" time="0.102" /><testcase classname="backend.tests.backend_test.TestPlans" name="test_plan_404" time="0.054" /><testcase classname="backend.tests.test_iteration4.TestContent" name="test_get_content_public" time="0.095" /><testcase classname="backend.tests.test_iteration4.TestContent" name="test_set_content_unauthorized" time="0.051" /><testcase classname="backend.tests.test_iteration4.TestContent" name="test_set_and_reset_content" time="0.300" /><testcase classname="backend.tests.test_iteration4.TestContent" name="test_delete_unauthorized" time="0.050" /><testcase classname="backend.tests.test_iteration4.TestCoachAuth" name="test_signup_short_password" time="0.047" /><testcase classname="backend.tests.test_iteration4.TestCoachAuth" name="test_signup_success" time="0.276" /><testcase classname="backend.tests.test_iteration4.TestCoachAuth" name="test_signup_duplicate_email" time="0.043" /><testcase classname="backend.tests.test_iteration4.TestCoachAuth" name="test_login_wrong_password" time="0.275" /><testcase classname="backend.tests.test_iteration4.TestCoachAuth" name="test_login_success" time="0.270" /><testcase classname="backend.tests.test_iteration4.TestCoachAuth" name="test_me_no_token" time="0.096" /><testcase classname="backend.tests.test_iteration4.TestCoachAuth" name="test_me_with_token" time="0.105" /><testcase classname="backend.tests.test_iteration4.TestCoachAuth" name="test_logout" time="0.045" /><testcase classname="backend.tests.test_iteration4.TestCoachBrand" name="test_patch_brand_colors" time="0.195" /><testcase classname="backend.tests.test_iteration4.TestCoachBrand" name="test_patch_unauthorized" time="0.096" /><testcase classname="backend.tests.test_iteration4.TestCoachBrand" name="test_logo_upload" time="0.537" /><testcase classname="backend.tests.test_iteration4.TestCoachClients" name="test_create_invalid_template" time="0.095" /><testcase classname="backend.tests.test_iteration4.TestCoachClients" name="test_create_and_list_clients" time="0.511" /><testcase classname="backend.tests.test_iteration4.TestCoachClients" name="test_unique_slug_on_duplicate_name" time="0.207" /><testcase classname="backend.tests.test_iteration4.TestCoachClients" name="test_delete_client" time="0.289" /><testcase classname="backend.tests.test_iteration4.TestCoachClients" name="test_clients_unauthorized" time="0.101" /><testcase classname="backend.tests.test_iteration4.TestPublicBranded" name="test_public_bundle" time="0.142" /><testcase classname="backend.tests.test_iteration4.TestPublicBranded" name="test_public_404" time="0.196" /></testsuite></testsuites>