<?xml version="1.0" encoding="utf-8"?><testsuites name="pytest tests"><testsuite name="pytest" errors="0" failures="0" skipped="0" tests="22" time="4.038" timestamp="2026-06-22T12:58:17.120467+00:00" hostname="agent-env-0e498305-a200-4f58-8f15-f469ed2b0730"><testcase classname="backend.tests.test_iteration4.TestContent" name="test_get_content_public" time="0.153" /><testcase classname="backend.tests.test_iteration4.TestContent" name="test_set_content_unauthorized" time="0.053" /><testcase classname="backend.tests.test_iteration4.TestContent" name="test_set_and_reset_content" time="0.281" /><testcase classname="backend.tests.test_iteration4.TestContent" name="test_delete_unauthorized" time="0.046" /><testcase classname="backend.tests.test_iteration4.TestCoachAuth" name="test_signup_short_password" time="0.054" /><testcase classname="backend.tests.test_iteration4.TestCoachAuth" name="test_signup_success" time="0.275" /><testcase classname="backend.tests.test_iteration4.TestCoachAuth" name="test_signup_duplicate_email" time="0.046" /><testcase classname="backend.tests.test_iteration4.TestCoachAuth" name="test_login_wrong_password" time="0.266" /><testcase classname="backend.tests.test_iteration4.TestCoachAuth" name="test_login_success" time="0.273" /><testcase classname="backend.tests.test_iteration4.TestCoachAuth" name="test_me_no_token" time="0.095" /><testcase classname="backend.tests.test_iteration4.TestCoachAuth" name="test_me_with_token" time="0.102" /><testcase classname="backend.tests.test_iteration4.TestCoachAuth" name="test_logout" time="0.044" /><testcase classname="backend.tests.test_iteration4.TestCoachBrand" name="test_patch_brand_colors" time="0.195" /><testcase classname="backend.tests.test_iteration4.TestCoachBrand" name="test_patch_unauthorized" time="0.103" /><testcase classname="backend.tests.test_iteration4.TestCoachBrand" name="test_logo_upload" time="0.571" /><testcase classname="backend.tests.test_iteration4.TestCoachClients" name="test_create_invalid_template" time="0.111" /><testcase classname="backend.tests.test_iteration4.TestCoachClients" name="test_create_and_list_clients" time="0.500" /><testcase classname="backend.tests.test_iteration4.TestCoachClients" name="test_unique_slug_on_duplicate_name" time="0.231" /><testcase classname="backend.tests.test_iteration4.TestCoachClients" name="test_delete_client" time="0.239" /><testcase classname="backend.tests.test_iteration4.TestCoachClients" name="test_clients_unauthorized" time="0.101" /><testcase classname="backend.tests.test_iteration4.TestPublicBranded" name="test_public_bundle" time="0.109" /><testcase classname="backend.tests.test_iteration4.TestPublicBranded" name="test_public_404" time="0.095" /></testsuite></testsuites>