<?xml version="1.0" encoding="utf-8"?><testsuites name="pytest tests"><testsuite name="pytest" errors="0" failures="0" skipped="0" tests="18" time="2.120" timestamp="2026-06-20T12:27:55.280658+00:00" hostname="agent-env-0e498305-a200-4f58-8f15-f469ed2b0730"><testcase classname="backend.tests.backend_test.TestHealth" name="test_root" time="0.198" /><testcase classname="backend.tests.backend_test.TestAdminAuth" name="test_login_wrong_password" time="0.090" /><testcase classname="backend.tests.backend_test.TestAdminAuth" name="test_login_correct_password_returns_token" time="0.046" /><testcase classname="backend.tests.backend_test.TestAdminAuth" name="test_verify_no_token_401" time="0.050" /><testcase classname="backend.tests.backend_test.TestAdminAuth" name="test_verify_wrong_token_401" time="0.057" /><testcase classname="backend.tests.backend_test.TestAdminAuth" name="test_verify_correct_token" time="0.127" /><testcase classname="backend.tests.backend_test.TestImages" name="test_list_images_public" time="0.063" /><testcase classname="backend.tests.backend_test.TestImages" name="test_set_image_url_unauthorized" time="0.052" /><testcase classname="backend.tests.backend_test.TestImages" name="test_upload_unauthorized" time="0.060" /><testcase classname="backend.tests.backend_test.TestImages" name="test_delete_unauthorized" time="0.063" /><testcase classname="backend.tests.backend_test.TestImages" name="test_set_url_and_verify_persistence" time="0.111" /><testcase classname="backend.tests.backend_test.TestImages" name="test_reset_image" time="0.167" /><testcase classname="backend.tests.backend_test.TestImages" name="test_upload_image_file" time="0.427" /><testcase classname="backend.tests.backend_test.TestImages" name="test_upload_non_image_rejected" time="0.059" /><testcase classname="backend.tests.backend_test.TestWaitlist" name="test_waitlist_count" time="0.051" /><testcase classname="backend.tests.backend_test.TestWaitlist" name="test_waitlist_create_idempotent" time="0.139" /><testcase classname="backend.tests.backend_test.TestPlans" name="test_generate_and_get" time="0.114" /><testcase classname="backend.tests.backend_test.TestPlans" name="test_plan_404" time="0.163" /></testsuite></testsuites>